# JRE version: OpenJDK Runtime Environment Temurin-19.0.2+7 (19.0.2+7) (build 19.0.2+7)
# Java VM: OpenJDK 64-Bit Server VM Temurin-19.0.2+7 (19.0.2+7, mixed mode, sharing, tiered, compressed oops, compressed class ptrs, g1 gc, windows-amd64)
GC Precious Log:
 CardTable entry size: 512
 Card Set container configuration: InlinePtr #cards 5 size 8 Array Of Cards #cards 12 size 40 Howl #buckets 4 coarsen threshold 1843 Howl Bitmap #cards 512 size 80 coarsen threshold 460 Card regions per heap region 1 cards per card region 2048
 CPUs: 4 total, 4 available
 Memory: 2188M
 Large Page Support: Disabled
 NUMA Support: Disabled
 Compressed Oops: Enabled (32-bit)
 Heap Region Size: 1M
 Heap Min Capacity: 8M
 Heap Initial Capacity: 36M
 Heap Max Capacity: 1G
 Pre-touch: Disabled
 Parallel Workers: 4
 Concurrent Workers: 1
 Concurrent Refinement Workers: 4
 Periodic GC: Disabled
 String Deduplication is enabled
Heap:
 garbage-first heap   total 36864K, used 12566K [0x00000000c0000000, 0x0000000100000000)
  region size 1024K, 8 young (8192K), 2 survivors (2048K)
 Metaspace       used 17962K, committed 18496K, reserved 1114112K
  class space    used 1893K, committed 2112K, reserved 1048576K
GC Heap History (8 events):
Event: 2.465 GC heap before
{Heap before GC invocations=0 (full 0):
 garbage-first heap   total 36864K, used 13312K [0x00000000c0000000, 0x0000000100000000)
  region size 1024K, 13 young (13312K), 0 survivors (0K)
 Metaspace       used 4092K, committed 4224K, reserved 1114112K
  class space    used 392K, committed 448K, reserved 1048576K
}
Event: 2.484 GC heap after
{Heap after GC invocations=1 (full 0):
 garbage-first heap   total 36864K, used 2640K [0x00000000c0000000, 0x0000000100000000)
  region size 1024K, 2 young (2048K), 2 survivors (2048K)
 Metaspace       used 4092K, committed 4224K, reserved 1114112K
  class space    used 392K, committed 448K, reserved 1048576K
}
Event: 25.495 GC heap before
{Heap before GC invocations=1 (full 0):
 garbage-first heap   total 36864K, used 14928K [0x00000000c0000000, 0x0000000100000000)
  region size 1024K, 15 young (15360K), 2 survivors (2048K)
 Metaspace       used 9032K, committed 9280K, reserved 1114112K
  class space    used 914K, committed 1024K, reserved 1048576K
}
Event: 25.608 GC heap after
{Heap after GC invocations=2 (full 0):
 garbage-first heap   total 36864K, used 4510K [0x00000000c0000000, 0x0000000100000000)
  region size 1024K, 2 young (2048K), 2 survivors (2048K)
 Metaspace       used 9032K, committed 9280K, reserved 1114112K
  class space    used 914K, committed 1024K, reserved 1048576K
}
Event: 56.455 GC heap before
{Heap before GC invocations=2 (full 0):
 garbage-first heap   total 36864K, used 17822K [0x00000000c0000000, 0x0000000100000000)
  region size 1024K, 16 young (16384K), 2 survivors (2048K)
 Metaspace       used 13233K, committed 13632K, reserved 1114112K
  class space    used 1312K, committed 1472K, reserved 1048576K
}
Event: 56.566 GC heap after
{Heap after GC invocations=3 (full 0):
 garbage-first heap   total 36864K, used 6965K [0x00000000c0000000, 0x0000000100000000)
  region size 1024K, 2 young (2048K), 2 survivors (2048K)
 Metaspace       used 13233K, committed 13632K, reserved 1114112K
  class space    used 1312K, committed 1472K, reserved 1048576K
}
Event: 60.799 GC heap before
{Heap before GC invocations=3 (full 0):
 garbage-first heap   total 36864K, used 21301K [0x00000000c0000000, 0x0000000100000000)
  region size 1024K, 17 young (17408K), 2 survivors (2048K)
 Metaspace       used 16307K, committed 16896K, reserved 1114112K
  class space    used 1689K, committed 1920K, reserved 1048576K
}
Event: 60.804 GC heap after
{Heap after GC invocations=4 (full 0):
 garbage-first heap   total 36864K, used 8470K [0x00000000c0000000, 0x0000000100000000)
  region size 1024K, 2 young (2048K), 2 survivors (2048K)
 Metaspace       used 16307K, committed 16896K, reserved 1114112K
  class space    used 1689K, committed 1920K, reserved 1048576K
}

